<?xml version="1.0" encoding="UTF-8"?>
<testng-results ignored="0" total="1" passed="1" failed="0" skipped="0">
  <reporter-output>
  </reporter-output>
  <suite started-at="2021-10-10T11:00:28 IST" name="Page Object test example" finished-at="2021-10-10T11:01:46 IST" duration-ms="77681">
    <groups>
    </groups>
    <test started-at="2021-10-10T11:00:28 IST" name="sample test" finished-at="2021-10-10T11:01:46 IST" duration-ms="77681">
      <class name="com.pack.common.tests.WalletHubReviewPageTest">
        <test-method is-config="true" signature="initializeTestBaseSetup(java.lang.String,java.lang.String)[pri:0, instance:com.pack.common.tests.WalletHubReviewPageTest@56cdfb3b]" started-at="2021-10-10T11:00:28 IST" name="initializeTestBaseSetup" finished-at="2021-10-10T11:00:35 IST" duration-ms="6468" status="PASS">
          <params>
            <param index="0">
              <value>
                <![CDATA[chrome]]>
              </value>
            </param>
            <param index="1">
              <value>
                <![CDATA[https://wallethub.com/profile/test-insurance-company-13732055i]]>
              </value>
            </param>
          </params>
          <reporter-output>
          </reporter-output>
        </test-method> <!-- initializeTestBaseSetup -->
        <test-method is-config="true" signature="setUp()[pri:0, instance:com.pack.common.tests.WalletHubReviewPageTest@56cdfb3b]" started-at="2021-10-10T11:00:35 IST" name="setUp" finished-at="2021-10-10T11:00:35 IST" duration-ms="1" status="PASS">
          <reporter-output>
          </reporter-output>
        </test-method> <!-- setUp -->
        <test-method signature="verifyReviewOnPage()[pri:0, instance:com.pack.common.tests.WalletHubReviewPageTest@56cdfb3b]" started-at="2021-10-10T11:00:35 IST" name="verifyReviewOnPage" finished-at="2021-10-10T11:01:45 IST" duration-ms="70444" status="PASS">
          <reporter-output>
          </reporter-output>
        </test-method> <!-- verifyReviewOnPage -->
        <test-method is-config="true" signature="tearDown()[pri:0, instance:com.pack.common.tests.WalletHubReviewPageTest@56cdfb3b]" started-at="2021-10-10T11:01:45 IST" name="tearDown" finished-at="2021-10-10T11:01:46 IST" duration-ms="716" status="PASS">
          <reporter-output>
          </reporter-output>
        </test-method> <!-- tearDown -->
      </class> <!-- com.pack.common.tests.WalletHubReviewPageTest -->
    </test> <!-- sample test -->
  </suite> <!-- Page Object test example -->
</testng-results>
